[2026-04-07 17:10:00] [INFO] [SYSTEM/SESSION_START] 自动化会话已启动 | 会话目录: F:\YKT-Browser\logs\20260407-171000
[2026-04-07 17:10:05] [INFO] [SYSTEM/BROWSER_LAUNCH] 正在启动浏览器。 | 浏览器: C:\Program Files\Google\Chrome\Application\chrome.exe | 用户数据目录: F:\YKT-Browser\synthetic-profile
[2026-04-07 17:10:05] [INFO] [NAVIGATION/PAGE_OPENED] 目标页面已打开 | file:///F:/YKT-Browser/synthetic_course/video.html
[2026-04-07 17:10:05] [INFO] [SYSTEM/LOGIN_HINT] 如果首次运行跳到登录页，请直接在浏览器中完成登录。 | 登录状态会自动保存在用户数据目录中，后续会复用。
[2026-04-07 17:10:05] [INFO] [PAGE/PAGE_CLASSIFIED] 识别到页面类型: video | 检测到“发表评论”或 video 元素 | file:///F:/YKT-Browser/synthetic_course/video.html
[2026-04-07 17:10:05] [SUCCESS] [VIDEO/KEEPALIVE_INJECTED] 已向视频页注入保活脚本。 | 注入结果: started
[2026-04-07 17:10:06] [INFO] [VIDEO/VIDEO_PROGRESS] 视频播放状态已更新。 | current=111.0s, duration=120.0s, paused=False, ended=False
[2026-04-07 17:10:07] [INFO] [VIDEO/VIDEO_PROGRESS] 视频播放状态已更新。 | current=111.0s, duration=120.0s, paused=False, ended=False
[2026-04-07 17:10:08] [INFO] [VIDEO/VIDEO_PROGRESS] 视频播放状态已更新。 | current=118.0s, duration=120.0s, paused=False, ended=False
[2026-04-07 17:10:09] [INFO] [VIDEO/VIDEO_PROGRESS] 视频播放状态已更新。 | current=2.0s, duration=120.0s, paused=False, ended=False
[2026-04-07 17:10:09] [SUCCESS] [VIDEO/VIDEO_LOOP_COMPLETED] 检测到视频已完整播放一轮并重新回到开头。 | previous_ratio=98.33%, current_ratio=1.67%, previous_time=118.0s, current_time=2.0s, 保活脚本状态: stopped-with-video | 1 秒后会尝试点击“下一单元”。
[2026-04-07 17:10:10] [INFO] [VIDEO/VIDEO_PROGRESS] 视频播放状态已更新。 | current=2.0s, duration=120.0s, paused=False, ended=False
[2026-04-07 17:10:10] [SUCCESS] [NAVIGATION/NEXT_CLICKED] 已点击“下一单元”。 | 文本命中: 下一单元 | 策略: locator:.header-bar .btn-next | 候选按钮: 3 | best=SPAN text='下一单元' class='btn-next ml20 pointer' visible=True disabled=False rect=(1360,77,144,42)
[2026-04-07 17:10:14] [INFO] [PAGE/PAGE_CLASSIFIED] 识别到页面类型: exercise | 检测到“习题”或“提交” | file:///F:/YKT-Browser/synthetic_course/exercise.html
[2026-04-07 17:10:14] [INFO] [PAGE/EXERCISE_COUNTDOWN] 当前为非视频页，等待倒计时后自动跳转。 | 剩余 1 秒。
[2026-04-07 17:10:15] [SUCCESS] [NAVIGATION/NEXT_CLICKED] 已在非视频页点击“下一单元”。 | 文本命中: 下一单元 | 策略: locator:.header-bar .btn-next | 候选按钮: 3 | best=SPAN text='下一单元' class='btn-next ml20 pointer' visible=True disabled=False rect=(1320,70,144,42)
[2026-04-07 17:10:19] [INFO] [PAGE/PAGE_CLASSIFIED] 页面类型变化: unknown | 暂未识别出视频页或习题页
[2026-04-07 17:10:19] [INFO] [PAGE/PAGE_UNKNOWN] 页面还没有出现可识别的关键信息。 | 如果长时间停留在这里，请检查是否有弹窗、验证码或网络加载问题。
[2026-04-07 17:10:21] [INFO] [SYSTEM/MAX_RUNTIME_REACHED] 达到设定的测试运行时长，自动结束本次会话。
[2026-04-07 17:10:21] [INFO] [SYSTEM/SESSION_FINISHED] 自动化会话已结束。 | 日志目录: F:\YKT-Browser\logs\20260407-171000
