[2026-04-08 11:16:13] [INFO] [SYSTEM/SESSION_START] 自动化会话已启动 | 会话目录: F:\YKT-Browser\logs\20260408-111613
[2026-04-08 11:16:13] [INFO] [SYSTEM/BROWSER_LAUNCH] 正在启动浏览器。 | 浏览器: C:\Program Files\Google\Chrome\Application\chrome.exe | 用户数据目录: F:\YKT-Browser\synthetic-profile-gui
[2026-04-08 11:16:14] [INFO] [NAVIGATION/PAGE_OPENED] 目标页面已打开 | https://buaa.yuketang.cn/pro/lms/CUJttg2ZDc3/31025069/video/79236580
[2026-04-08 11:16:14] [INFO] [SYSTEM/LOGIN_HINT] 如果首次运行跳到登录页，请直接在浏览器中完成登录。 | 登录状态会自动保存在用户数据目录中，后续会复用。
[2026-04-08 11:16:14] [INFO] [PAGE/PAGE_CLASSIFIED] 页面类型变化: unknown | 暂未识别出视频页或习题页
[2026-04-08 11:16:14] [INFO] [PAGE/PAGE_UNKNOWN] 页面还没有出现可识别的关键信息。 | 如果长时间停留在这里，请检查是否有弹窗、验证码或网络加载问题。
[2026-04-08 11:16:17] [INFO] [PAGE/PAGE_CLASSIFIED] 识别到页面类型: login | 检测到登录表单或登录提示 | https://buaa.yuketang.cn/pro/portal/home/?next=https%3A%2F%2Fbuaa.yuketang.cn%2Fpro%2Flms%2FCUJttg2ZDc3%2F31025069%2Fvideo%2F79236580
[2026-04-08 11:16:17] [WARNING] [AUTH/LOGIN_REQUIRED] 当前停留在登录页，需要先登录。 | 请在浏览器中完成账号登录，完成后脚本会自动继续。
[2026-04-08 11:16:28] [INFO] [PAGE/PAGE_CLASSIFIED] 识别到页面类型: video | 检测到“发表评论”或 video 元素 | https://buaa.yuketang.cn/pro/lms/CUJttg2ZDc3/31025069/video/79236580
[2026-04-08 11:16:28] [SUCCESS] [AUTH/LOGIN_COMPLETED] 检测到登录流程结束，重新回到目标课程页面。
[2026-04-08 11:16:30] [SUCCESS] [VIDEO/KEEPALIVE_INJECTED] 已向视频页注入保活脚本。 | 注入结果: started
[2026-04-08 11:16:30] [INFO] [VIDEO/VIDEO_PROGRESS] 视频播放状态已更新。 | current=0.0s, duration=0.0s, paused=True, ended=False
[2026-04-08 11:16:31] [INFO] [VIDEO/VIDEO_PROGRESS] 视频播放状态已更新。 | current=0.0s, duration=0.0s, paused=False, ended=False
[2026-04-08 11:16:32] [INFO] [VIDEO/VIDEO_PROGRESS] 视频播放状态已更新。 | current=325.1s, duration=617.0s, paused=False, ended=False
[2026-04-08 11:16:33] [INFO] [VIDEO/VIDEO_PROGRESS] 视频播放状态已更新。 | current=326.1s, duration=617.0s, paused=False, ended=False
[2026-04-08 11:16:34] [INFO] [VIDEO/VIDEO_PROGRESS] 视频播放状态已更新。 | current=327.1s, duration=617.0s, paused=False, ended=False
[2026-04-08 11:16:35] [INFO] [VIDEO/VIDEO_PROGRESS] 视频播放状态已更新。 | current=328.1s, duration=617.0s, paused=False, ended=False
[2026-04-08 11:16:36] [INFO] [VIDEO/VIDEO_PROGRESS] 视频播放状态已更新。 | current=329.1s, duration=617.0s, paused=False, ended=False
[2026-04-08 11:16:36] [WARNING] [TEST/TEST_SEEK_TO_END] 测试模式已触发：视频已尝试快进到结尾附近。
[2026-04-08 11:16:37] [INFO] [VIDEO/VIDEO_PROGRESS] 视频播放状态已更新。 | current=616.8s, duration=617.0s, paused=False, ended=False
[2026-04-08 11:16:38] [INFO] [VIDEO/VIDEO_PROGRESS] 视频播放状态已更新。 | current=0.8s, duration=617.0s, paused=False, ended=False
[2026-04-08 11:16:38] [SUCCESS] [VIDEO/VIDEO_LOOP_COMPLETED] 检测到视频已完整播放一轮并重新回到开头。 | previous_ratio=99.98%, current_ratio=0.12%, previous_time=616.8s, current_time=0.8s, 保活脚本状态: stopped-with-video | 1 秒后会尝试点击“下一单元”。
[2026-04-08 11:16:39] [INFO] [VIDEO/VIDEO_PROGRESS] 视频播放状态已更新。 | current=1.8s, duration=617.0s, paused=False, ended=False
[2026-04-08 11:16:39] [SUCCESS] [NAVIGATION/NEXT_CLICKED] 已点击“下一单元”。 | 文本命中: 下一单元 | 策略: locator:span:has-text('下一单元') | 候选按钮: 6 | best=SPAN text='下一单元' class='btn-next ml20 pointer' visible=False disabled=False rect=(1857,25,72,0)
[2026-04-08 11:16:43] [WARNING] [NAVIGATION/NEXT_CLICK_NO_NAVIGATION] 点击“下一单元”后页面没有发生切换。 | 这通常表示平台尚未认定当前内容已完成，或按钮虽然可见但还未真正放行。 | 触发策略: locator:span:has-text('下一单元') | 候选按钮: 6 | best=SPAN text='下一单元' class='btn-next ml20 pointer' visible=False disabled=False rect=(1857,25,72,0) | 候选按钮: 6 | best=SPAN text='下一单元' class='btn-next ml20 pointer' visible=False disabled=False rect=(1857,25,72,0) | 先观察页面是否真正播放完成，必要时手动确认是否有额外校验或弹窗。
[2026-04-08 11:16:43] [SUCCESS] [VIDEO/KEEPALIVE_INJECTED] 已向视频页注入保活脚本。 | 注入结果: started
[2026-04-08 11:16:43] [INFO] [VIDEO/VIDEO_PROGRESS] 视频播放状态已更新。 | current=6.0s, duration=617.0s, paused=False, ended=False
[2026-04-08 11:16:44] [INFO] [VIDEO/VIDEO_PROGRESS] 视频播放状态已更新。 | current=7.0s, duration=617.0s, paused=False, ended=False
[2026-04-08 11:16:45] [INFO] [VIDEO/VIDEO_PROGRESS] 视频播放状态已更新。 | current=8.0s, duration=617.0s, paused=False, ended=False
[2026-04-08 11:16:46] [INFO] [VIDEO/VIDEO_PROGRESS] 视频播放状态已更新。 | current=9.0s, duration=617.0s, paused=False, ended=False
[2026-04-08 11:16:47] [INFO] [VIDEO/VIDEO_PROGRESS] 视频播放状态已更新。 | current=10.0s, duration=617.0s, paused=False, ended=False
[2026-04-08 11:16:48] [INFO] [VIDEO/VIDEO_PROGRESS] 视频播放状态已更新。 | current=11.1s, duration=617.0s, paused=False, ended=False
[2026-04-08 11:16:49] [INFO] [VIDEO/VIDEO_PROGRESS] 视频播放状态已更新。 | current=12.1s, duration=617.0s, paused=False, ended=False
[2026-04-08 11:16:50] [INFO] [VIDEO/VIDEO_PROGRESS] 视频播放状态已更新。 | current=13.1s, duration=617.0s, paused=False, ended=False
[2026-04-08 11:16:51] [INFO] [VIDEO/VIDEO_PROGRESS] 视频播放状态已更新。 | current=14.1s, duration=617.0s, paused=False, ended=False
[2026-04-08 11:16:52] [INFO] [VIDEO/VIDEO_PROGRESS] 视频播放状态已更新。 | current=15.1s, duration=617.0s, paused=False, ended=False
[2026-04-08 11:16:53] [INFO] [VIDEO/VIDEO_PROGRESS] 视频播放状态已更新。 | current=16.1s, duration=617.0s, paused=False, ended=False
[2026-04-08 11:16:54] [INFO] [VIDEO/VIDEO_PROGRESS] 视频播放状态已更新。 | current=17.1s, duration=617.0s, paused=False, ended=False
[2026-04-08 11:16:55] [INFO] [VIDEO/VIDEO_PROGRESS] 视频播放状态已更新。 | current=18.2s, duration=617.0s, paused=False, ended=False
[2026-04-08 11:16:57] [INFO] [VIDEO/VIDEO_PROGRESS] 视频播放状态已更新。 | current=19.2s, duration=617.0s, paused=False, ended=False
[2026-04-08 11:16:58] [INFO] [VIDEO/VIDEO_PROGRESS] 视频播放状态已更新。 | current=20.2s, duration=617.0s, paused=False, ended=False
[2026-04-08 11:16:59] [INFO] [VIDEO/VIDEO_PROGRESS] 视频播放状态已更新。 | current=21.2s, duration=617.0s, paused=False, ended=False
[2026-04-08 11:17:00] [INFO] [VIDEO/VIDEO_PROGRESS] 视频播放状态已更新。 | current=22.2s, duration=617.0s, paused=False, ended=False
[2026-04-08 11:17:01] [INFO] [VIDEO/VIDEO_PROGRESS] 视频播放状态已更新。 | current=23.2s, duration=617.0s, paused=False, ended=False
[2026-04-08 11:17:02] [INFO] [VIDEO/VIDEO_PROGRESS] 视频播放状态已更新。 | current=24.3s, duration=617.0s, paused=False, ended=False
[2026-04-08 11:17:03] [INFO] [VIDEO/VIDEO_PROGRESS] 视频播放状态已更新。 | current=25.3s, duration=617.0s, paused=False, ended=False
[2026-04-08 11:17:04] [INFO] [VIDEO/VIDEO_PROGRESS] 视频播放状态已更新。 | current=26.3s, duration=617.0s, paused=False, ended=False
[2026-04-08 11:17:05] [INFO] [VIDEO/VIDEO_PROGRESS] 视频播放状态已更新。 | current=27.3s, duration=617.0s, paused=False, ended=False
[2026-04-08 11:17:06] [INFO] [VIDEO/VIDEO_PROGRESS] 视频播放状态已更新。 | current=28.3s, duration=617.0s, paused=False, ended=False
[2026-04-08 11:17:07] [INFO] [VIDEO/VIDEO_PROGRESS] 视频播放状态已更新。 | current=29.4s, duration=617.0s, paused=False, ended=False
[2026-04-08 11:17:08] [INFO] [VIDEO/VIDEO_PROGRESS] 视频播放状态已更新。 | current=30.4s, duration=617.0s, paused=False, ended=False
[2026-04-08 11:17:09] [INFO] [VIDEO/VIDEO_PROGRESS] 视频播放状态已更新。 | current=31.4s, duration=617.0s, paused=False, ended=False
[2026-04-08 11:17:10] [INFO] [VIDEO/VIDEO_PROGRESS] 视频播放状态已更新。 | current=32.4s, duration=617.0s, paused=False, ended=False
[2026-04-08 11:17:11] [INFO] [VIDEO/VIDEO_PROGRESS] 视频播放状态已更新。 | current=33.4s, duration=617.0s, paused=False, ended=False
[2026-04-08 11:17:12] [INFO] [VIDEO/VIDEO_PROGRESS] 视频播放状态已更新。 | current=34.4s, duration=617.0s, paused=False, ended=False
[2026-04-08 11:17:13] [INFO] [VIDEO/VIDEO_PROGRESS] 视频播放状态已更新。 | current=35.5s, duration=617.0s, paused=False, ended=False
[2026-04-08 11:17:14] [INFO] [VIDEO/VIDEO_PROGRESS] 视频播放状态已更新。 | current=36.5s, duration=617.0s, paused=False, ended=False
[2026-04-08 11:17:15] [INFO] [VIDEO/VIDEO_PROGRESS] 视频播放状态已更新。 | current=37.5s, duration=617.0s, paused=False, ended=False
[2026-04-08 11:17:16] [INFO] [VIDEO/VIDEO_PROGRESS] 视频播放状态已更新。 | current=38.5s, duration=617.0s, paused=False, ended=False
[2026-04-08 11:17:17] [INFO] [VIDEO/VIDEO_PROGRESS] 视频播放状态已更新。 | current=39.5s, duration=617.0s, paused=False, ended=False
[2026-04-08 11:17:18] [INFO] [VIDEO/VIDEO_PROGRESS] 视频播放状态已更新。 | current=40.6s, duration=617.0s, paused=False, ended=False
[2026-04-08 11:17:19] [INFO] [VIDEO/VIDEO_PROGRESS] 视频播放状态已更新。 | current=41.6s, duration=617.0s, paused=False, ended=False
[2026-04-08 11:17:20] [INFO] [VIDEO/VIDEO_PROGRESS] 视频播放状态已更新。 | current=42.6s, duration=617.0s, paused=False, ended=False
[2026-04-08 11:17:21] [INFO] [VIDEO/VIDEO_PROGRESS] 视频播放状态已更新。 | current=43.6s, duration=617.0s, paused=False, ended=False
[2026-04-08 11:17:22] [INFO] [VIDEO/VIDEO_PROGRESS] 视频播放状态已更新。 | current=44.6s, duration=617.0s, paused=False, ended=False
[2026-04-08 11:17:23] [INFO] [VIDEO/VIDEO_PROGRESS] 视频播放状态已更新。 | current=45.6s, duration=617.0s, paused=False, ended=False
[2026-04-08 11:17:24] [INFO] [VIDEO/VIDEO_PROGRESS] 视频播放状态已更新。 | current=46.6s, duration=617.0s, paused=False, ended=False
[2026-04-08 11:17:25] [INFO] [VIDEO/VIDEO_PROGRESS] 视频播放状态已更新。 | current=47.7s, duration=617.0s, paused=False, ended=False
[2026-04-08 11:17:26] [INFO] [VIDEO/VIDEO_PROGRESS] 视频播放状态已更新。 | current=48.7s, duration=617.0s, paused=False, ended=False
[2026-04-08 11:17:27] [INFO] [VIDEO/VIDEO_PROGRESS] 视频播放状态已更新。 | current=49.7s, duration=617.0s, paused=False, ended=False
[2026-04-08 11:17:28] [INFO] [VIDEO/VIDEO_PROGRESS] 视频播放状态已更新。 | current=50.7s, duration=617.0s, paused=False, ended=False
[2026-04-08 11:17:29] [INFO] [VIDEO/VIDEO_PROGRESS] 视频播放状态已更新。 | current=51.7s, duration=617.0s, paused=False, ended=False
[2026-04-08 11:17:30] [INFO] [VIDEO/VIDEO_PROGRESS] 视频播放状态已更新。 | current=52.8s, duration=617.0s, paused=False, ended=False
[2026-04-08 11:17:31] [INFO] [VIDEO/VIDEO_PROGRESS] 视频播放状态已更新。 | current=53.8s, duration=617.0s, paused=False, ended=False
[2026-04-08 11:17:32] [INFO] [VIDEO/VIDEO_PROGRESS] 视频播放状态已更新。 | current=54.8s, duration=617.0s, paused=False, ended=False
[2026-04-08 11:17:33] [INFO] [VIDEO/VIDEO_PROGRESS] 视频播放状态已更新。 | current=55.8s, duration=617.0s, paused=False, ended=False
[2026-04-08 11:17:34] [INFO] [VIDEO/VIDEO_PROGRESS] 视频播放状态已更新。 | current=56.8s, duration=617.0s, paused=False, ended=False
[2026-04-08 11:17:35] [INFO] [VIDEO/VIDEO_PROGRESS] 视频播放状态已更新。 | current=57.8s, duration=617.0s, paused=False, ended=False
[2026-04-08 11:17:36] [INFO] [VIDEO/VIDEO_PROGRESS] 视频播放状态已更新。 | current=58.9s, duration=617.0s, paused=False, ended=False
[2026-04-08 11:17:37] [INFO] [VIDEO/VIDEO_PROGRESS] 视频播放状态已更新。 | current=59.9s, duration=617.0s, paused=False, ended=False
[2026-04-08 11:17:38] [INFO] [VIDEO/VIDEO_PROGRESS] 视频播放状态已更新。 | current=60.9s, duration=617.0s, paused=False, ended=False
[2026-04-08 11:17:39] [INFO] [VIDEO/VIDEO_PROGRESS] 视频播放状态已更新。 | current=61.9s, duration=617.0s, paused=False, ended=False
[2026-04-08 11:17:40] [INFO] [VIDEO/VIDEO_PROGRESS] 视频播放状态已更新。 | current=62.9s, duration=617.0s, paused=False, ended=False
[2026-04-08 11:17:41] [INFO] [VIDEO/VIDEO_PROGRESS] 视频播放状态已更新。 | current=63.9s, duration=617.0s, paused=False, ended=False
[2026-04-08 11:17:42] [INFO] [VIDEO/VIDEO_PROGRESS] 视频播放状态已更新。 | current=65.0s, duration=617.0s, paused=False, ended=False
[2026-04-08 11:17:43] [INFO] [VIDEO/VIDEO_PROGRESS] 视频播放状态已更新。 | current=66.0s, duration=617.0s, paused=False, ended=False
[2026-04-08 11:17:44] [INFO] [VIDEO/VIDEO_PROGRESS] 视频播放状态已更新。 | current=67.0s, duration=617.0s, paused=False, ended=False
[2026-04-08 11:17:45] [INFO] [VIDEO/VIDEO_PROGRESS] 视频播放状态已更新。 | current=68.0s, duration=617.0s, paused=False, ended=False
[2026-04-08 11:17:46] [INFO] [VIDEO/VIDEO_PROGRESS] 视频播放状态已更新。 | current=69.0s, duration=617.0s, paused=False, ended=False
[2026-04-08 11:17:47] [INFO] [VIDEO/VIDEO_PROGRESS] 视频播放状态已更新。 | current=70.0s, duration=617.0s, paused=False, ended=False
[2026-04-08 11:17:48] [INFO] [VIDEO/VIDEO_PROGRESS] 视频播放状态已更新。 | current=71.1s, duration=617.0s, paused=False, ended=False
[2026-04-08 11:17:49] [INFO] [VIDEO/VIDEO_PROGRESS] 视频播放状态已更新。 | current=72.1s, duration=617.0s, paused=False, ended=False
[2026-04-08 11:17:50] [INFO] [VIDEO/VIDEO_PROGRESS] 视频播放状态已更新。 | current=73.1s, duration=617.0s, paused=False, ended=False
[2026-04-08 11:17:51] [INFO] [VIDEO/VIDEO_PROGRESS] 视频播放状态已更新。 | current=74.1s, duration=617.0s, paused=False, ended=False
[2026-04-08 11:17:52] [INFO] [VIDEO/VIDEO_PROGRESS] 视频播放状态已更新。 | current=75.1s, duration=617.0s, paused=False, ended=False
[2026-04-08 11:17:53] [INFO] [VIDEO/VIDEO_PROGRESS] 视频播放状态已更新。 | current=76.2s, duration=617.0s, paused=False, ended=False
[2026-04-08 11:17:54] [INFO] [VIDEO/VIDEO_PROGRESS] 视频播放状态已更新。 | current=77.2s, duration=617.0s, paused=False, ended=False
[2026-04-08 11:17:56] [INFO] [VIDEO/VIDEO_PROGRESS] 视频播放状态已更新。 | current=78.2s, duration=617.0s, paused=False, ended=False
[2026-04-08 11:17:57] [INFO] [VIDEO/VIDEO_PROGRESS] 视频播放状态已更新。 | current=79.2s, duration=617.0s, paused=False, ended=False
[2026-04-08 11:17:58] [INFO] [VIDEO/VIDEO_PROGRESS] 视频播放状态已更新。 | current=80.2s, duration=617.0s, paused=False, ended=False
[2026-04-08 11:17:59] [INFO] [VIDEO/VIDEO_PROGRESS] 视频播放状态已更新。 | current=81.2s, duration=617.0s, paused=False, ended=False
[2026-04-08 11:18:00] [INFO] [VIDEO/VIDEO_PROGRESS] 视频播放状态已更新。 | current=82.3s, duration=617.0s, paused=False, ended=False
[2026-04-08 11:18:01] [INFO] [VIDEO/VIDEO_PROGRESS] 视频播放状态已更新。 | current=83.3s, duration=617.0s, paused=False, ended=False
[2026-04-08 11:18:02] [INFO] [VIDEO/VIDEO_PROGRESS] 视频播放状态已更新。 | current=84.3s, duration=617.0s, paused=False, ended=False
[2026-04-08 11:18:03] [INFO] [VIDEO/VIDEO_PROGRESS] 视频播放状态已更新。 | current=85.3s, duration=617.0s, paused=False, ended=False
[2026-04-08 11:18:04] [INFO] [VIDEO/VIDEO_PROGRESS] 视频播放状态已更新。 | current=86.3s, duration=617.0s, paused=False, ended=False
[2026-04-08 11:18:05] [INFO] [VIDEO/VIDEO_PROGRESS] 视频播放状态已更新。 | current=87.4s, duration=617.0s, paused=False, ended=False
[2026-04-08 11:18:06] [INFO] [VIDEO/VIDEO_PROGRESS] 视频播放状态已更新。 | current=89.0s, duration=617.0s, paused=False, ended=False
[2026-04-08 11:18:07] [INFO] [VIDEO/VIDEO_PROGRESS] 视频播放状态已更新。 | current=91.1s, duration=617.0s, paused=False, ended=False
[2026-04-08 11:18:08] [INFO] [VIDEO/VIDEO_PROGRESS] 视频播放状态已更新。 | current=93.1s, duration=617.0s, paused=False, ended=False
[2026-04-08 11:18:09] [INFO] [VIDEO/VIDEO_PROGRESS] 视频播放状态已更新。 | current=95.1s, duration=617.0s, paused=False, ended=False
[2026-04-08 11:18:10] [INFO] [VIDEO/VIDEO_PROGRESS] 视频播放状态已更新。 | current=97.2s, duration=617.0s, paused=False, ended=False
[2026-04-08 11:18:11] [INFO] [VIDEO/VIDEO_PROGRESS] 视频播放状态已更新。 | current=99.2s, duration=617.0s, paused=False, ended=False
[2026-04-08 11:18:12] [INFO] [VIDEO/VIDEO_PROGRESS] 视频播放状态已更新。 | current=101.3s, duration=617.0s, paused=False, ended=False
[2026-04-08 11:18:13] [INFO] [VIDEO/VIDEO_PROGRESS] 视频播放状态已更新。 | current=103.3s, duration=617.0s, paused=False, ended=False
[2026-04-08 11:18:14] [INFO] [VIDEO/VIDEO_PROGRESS] 视频播放状态已更新。 | current=105.3s, duration=617.0s, paused=False, ended=False
[2026-04-08 11:18:15] [INFO] [VIDEO/VIDEO_PROGRESS] 视频播放状态已更新。 | current=107.3s, duration=617.0s, paused=False, ended=False
[2026-04-08 11:18:16] [INFO] [VIDEO/VIDEO_PROGRESS] 视频播放状态已更新。 | current=109.4s, duration=617.0s, paused=False, ended=False
[2026-04-08 11:18:17] [INFO] [VIDEO/VIDEO_PROGRESS] 视频播放状态已更新。 | current=111.4s, duration=617.0s, paused=False, ended=False
[2026-04-08 11:18:18] [INFO] [VIDEO/VIDEO_PROGRESS] 视频播放状态已更新。 | current=113.5s, duration=617.0s, paused=False, ended=False
[2026-04-08 11:18:19] [INFO] [VIDEO/VIDEO_PROGRESS] 视频播放状态已更新。 | current=115.5s, duration=617.0s, paused=False, ended=False
[2026-04-08 11:18:20] [INFO] [VIDEO/VIDEO_PROGRESS] 视频播放状态已更新。 | current=117.5s, duration=617.0s, paused=False, ended=False
[2026-04-08 11:18:21] [INFO] [VIDEO/VIDEO_PROGRESS] 视频播放状态已更新。 | current=119.6s, duration=617.0s, paused=False, ended=False
[2026-04-08 11:18:22] [INFO] [VIDEO/VIDEO_PROGRESS] 视频播放状态已更新。 | current=121.6s, duration=617.0s, paused=False, ended=False
[2026-04-08 11:18:23] [INFO] [VIDEO/VIDEO_PROGRESS] 视频播放状态已更新。 | current=123.6s, duration=617.0s, paused=False, ended=False
[2026-04-08 11:18:24] [INFO] [VIDEO/VIDEO_PROGRESS] 视频播放状态已更新。 | current=125.7s, duration=617.0s, paused=False, ended=False
[2026-04-08 11:18:25] [INFO] [VIDEO/VIDEO_PROGRESS] 视频播放状态已更新。 | current=127.7s, duration=617.0s, paused=False, ended=False
[2026-04-08 11:18:26] [INFO] [VIDEO/VIDEO_PROGRESS] 视频播放状态已更新。 | current=129.7s, duration=617.0s, paused=False, ended=False
[2026-04-08 11:18:27] [INFO] [VIDEO/VIDEO_PROGRESS] 视频播放状态已更新。 | current=131.8s, duration=617.0s, paused=False, ended=False
[2026-04-08 11:18:28] [INFO] [VIDEO/VIDEO_PROGRESS] 视频播放状态已更新。 | current=133.8s, duration=617.0s, paused=False, ended=False
[2026-04-08 11:18:29] [INFO] [VIDEO/VIDEO_PROGRESS] 视频播放状态已更新。 | current=135.9s, duration=617.0s, paused=False, ended=False
[2026-04-08 11:18:30] [INFO] [VIDEO/VIDEO_PROGRESS] 视频播放状态已更新。 | current=137.9s, duration=617.0s, paused=False, ended=False
[2026-04-08 11:18:31] [INFO] [VIDEO/VIDEO_PROGRESS] 视频播放状态已更新。 | current=139.9s, duration=617.0s, paused=False, ended=False
[2026-04-08 11:18:32] [INFO] [VIDEO/VIDEO_PROGRESS] 视频播放状态已更新。 | current=141.9s, duration=617.0s, paused=False, ended=False
[2026-04-08 11:18:33] [INFO] [VIDEO/VIDEO_PROGRESS] 视频播放状态已更新。 | current=144.0s, duration=617.0s, paused=False, ended=False
[2026-04-08 11:18:34] [INFO] [VIDEO/VIDEO_PROGRESS] 视频播放状态已更新。 | current=146.0s, duration=617.0s, paused=False, ended=False
[2026-04-08 11:18:35] [INFO] [VIDEO/VIDEO_PROGRESS] 视频播放状态已更新。 | current=148.1s, duration=617.0s, paused=False, ended=False
[2026-04-08 11:18:36] [INFO] [VIDEO/VIDEO_PROGRESS] 视频播放状态已更新。 | current=150.1s, duration=617.0s, paused=False, ended=False
[2026-04-08 11:18:37] [INFO] [VIDEO/VIDEO_PROGRESS] 视频播放状态已更新。 | current=152.1s, duration=617.0s, paused=False, ended=False
[2026-04-08 11:18:38] [INFO] [VIDEO/VIDEO_PROGRESS] 视频播放状态已更新。 | current=154.2s, duration=617.0s, paused=False, ended=False
[2026-04-08 11:18:39] [INFO] [VIDEO/VIDEO_PROGRESS] 视频播放状态已更新。 | current=156.2s, duration=617.0s, paused=False, ended=False
[2026-04-08 11:18:40] [INFO] [VIDEO/VIDEO_PROGRESS] 视频播放状态已更新。 | current=158.2s, duration=617.0s, paused=False, ended=False
[2026-04-08 11:18:41] [INFO] [VIDEO/VIDEO_PROGRESS] 视频播放状态已更新。 | current=160.3s, duration=617.0s, paused=False, ended=False
[2026-04-08 11:18:42] [INFO] [VIDEO/VIDEO_PROGRESS] 视频播放状态已更新。 | current=162.3s, duration=617.0s, paused=False, ended=False
[2026-04-08 11:18:43] [INFO] [VIDEO/VIDEO_PROGRESS] 视频播放状态已更新。 | current=164.3s, duration=617.0s, paused=False, ended=False
[2026-04-08 11:18:44] [INFO] [VIDEO/VIDEO_PROGRESS] 视频播放状态已更新。 | current=166.4s, duration=617.0s, paused=False, ended=False
[2026-04-08 11:18:45] [INFO] [VIDEO/VIDEO_PROGRESS] 视频播放状态已更新。 | current=168.4s, duration=617.0s, paused=False, ended=False
[2026-04-08 11:18:46] [INFO] [VIDEO/VIDEO_PROGRESS] 视频播放状态已更新。 | current=170.5s, duration=617.0s, paused=False, ended=False
[2026-04-08 11:18:47] [INFO] [VIDEO/VIDEO_PROGRESS] 视频播放状态已更新。 | current=172.5s, duration=617.0s, paused=False, ended=False
[2026-04-08 11:18:48] [INFO] [VIDEO/VIDEO_PROGRESS] 视频播放状态已更新。 | current=174.5s, duration=617.0s, paused=False, ended=False
[2026-04-08 11:18:49] [INFO] [VIDEO/VIDEO_PROGRESS] 视频播放状态已更新。 | current=176.6s, duration=617.0s, paused=False, ended=False
[2026-04-08 11:18:50] [INFO] [VIDEO/VIDEO_PROGRESS] 视频播放状态已更新。 | current=178.6s, duration=617.0s, paused=False, ended=False
[2026-04-08 11:18:52] [INFO] [VIDEO/VIDEO_PROGRESS] 视频播放状态已更新。 | current=180.6s, duration=617.0s, paused=False, ended=False
[2026-04-08 11:18:53] [INFO] [VIDEO/VIDEO_PROGRESS] 视频播放状态已更新。 | current=182.7s, duration=617.0s, paused=False, ended=False
[2026-04-08 11:18:54] [INFO] [VIDEO/VIDEO_PROGRESS] 视频播放状态已更新。 | current=184.7s, duration=617.0s, paused=False, ended=False
[2026-04-08 11:18:55] [INFO] [VIDEO/VIDEO_PROGRESS] 视频播放状态已更新。 | current=186.7s, duration=617.0s, paused=False, ended=False
[2026-04-08 11:18:56] [INFO] [VIDEO/VIDEO_PROGRESS] 视频播放状态已更新。 | current=188.8s, duration=617.0s, paused=False, ended=False
[2026-04-08 11:18:57] [INFO] [VIDEO/VIDEO_PROGRESS] 视频播放状态已更新。 | current=190.8s, duration=617.0s, paused=False, ended=False
[2026-04-08 11:18:58] [INFO] [VIDEO/VIDEO_PROGRESS] 视频播放状态已更新。 | current=192.8s, duration=617.0s, paused=False, ended=False
[2026-04-08 11:18:59] [INFO] [VIDEO/VIDEO_PROGRESS] 视频播放状态已更新。 | current=194.9s, duration=617.0s, paused=False, ended=False
[2026-04-08 11:19:00] [INFO] [VIDEO/VIDEO_PROGRESS] 视频播放状态已更新。 | current=196.9s, duration=617.0s, paused=False, ended=False
[2026-04-08 11:19:01] [INFO] [VIDEO/VIDEO_PROGRESS] 视频播放状态已更新。 | current=198.9s, duration=617.0s, paused=False, ended=False
[2026-04-08 11:19:02] [INFO] [VIDEO/VIDEO_PROGRESS] 视频播放状态已更新。 | current=201.0s, duration=617.0s, paused=False, ended=False
[2026-04-08 11:19:03] [INFO] [VIDEO/VIDEO_PROGRESS] 视频播放状态已更新。 | current=203.0s, duration=617.0s, paused=False, ended=False
[2026-04-08 11:19:04] [INFO] [VIDEO/VIDEO_PROGRESS] 视频播放状态已更新。 | current=205.0s, duration=617.0s, paused=False, ended=False
[2026-04-08 11:19:05] [INFO] [VIDEO/VIDEO_PROGRESS] 视频播放状态已更新。 | current=207.1s, duration=617.0s, paused=False, ended=False
[2026-04-08 11:19:06] [INFO] [VIDEO/VIDEO_PROGRESS] 视频播放状态已更新。 | current=209.1s, duration=617.0s, paused=False, ended=False
[2026-04-08 11:19:07] [INFO] [VIDEO/VIDEO_PROGRESS] 视频播放状态已更新。 | current=211.1s, duration=617.0s, paused=False, ended=False
[2026-04-08 11:19:08] [INFO] [VIDEO/VIDEO_PROGRESS] 视频播放状态已更新。 | current=213.2s, duration=617.0s, paused=False, ended=False
[2026-04-08 11:19:09] [INFO] [VIDEO/VIDEO_PROGRESS] 视频播放状态已更新。 | current=215.2s, duration=617.0s, paused=False, ended=False
[2026-04-08 11:19:10] [INFO] [VIDEO/VIDEO_PROGRESS] 视频播放状态已更新。 | current=217.2s, duration=617.0s, paused=False, ended=False
[2026-04-08 11:19:11] [INFO] [VIDEO/VIDEO_PROGRESS] 视频播放状态已更新。 | current=219.3s, duration=617.0s, paused=False, ended=False
[2026-04-08 11:19:12] [INFO] [VIDEO/VIDEO_PROGRESS] 视频播放状态已更新。 | current=221.3s, duration=617.0s, paused=False, ended=False
[2026-04-08 11:19:13] [INFO] [VIDEO/VIDEO_PROGRESS] 视频播放状态已更新。 | current=223.3s, duration=617.0s, paused=False, ended=False
[2026-04-08 11:19:14] [INFO] [VIDEO/VIDEO_PROGRESS] 视频播放状态已更新。 | current=225.4s, duration=617.0s, paused=False, ended=False
[2026-04-08 11:19:15] [INFO] [VIDEO/VIDEO_PROGRESS] 视频播放状态已更新。 | current=227.4s, duration=617.0s, paused=False, ended=False
[2026-04-08 11:19:16] [INFO] [VIDEO/VIDEO_PROGRESS] 视频播放状态已更新。 | current=229.4s, duration=617.0s, paused=False, ended=False
[2026-04-08 11:19:17] [INFO] [VIDEO/VIDEO_PROGRESS] 视频播放状态已更新。 | current=231.5s, duration=617.0s, paused=False, ended=False
[2026-04-08 11:19:18] [INFO] [VIDEO/VIDEO_PROGRESS] 视频播放状态已更新。 | current=233.5s, duration=617.0s, paused=False, ended=False
[2026-04-08 11:19:19] [INFO] [VIDEO/VIDEO_PROGRESS] 视频播放状态已更新。 | current=235.5s, duration=617.0s, paused=False, ended=False
[2026-04-08 11:19:20] [INFO] [VIDEO/VIDEO_PROGRESS] 视频播放状态已更新。 | current=237.6s, duration=617.0s, paused=False, ended=False
[2026-04-08 11:19:21] [INFO] [VIDEO/VIDEO_PROGRESS] 视频播放状态已更新。 | current=239.6s, duration=617.0s, paused=False, ended=False
[2026-04-08 11:19:22] [INFO] [VIDEO/VIDEO_PROGRESS] 视频播放状态已更新。 | current=241.6s, duration=617.0s, paused=False, ended=False
[2026-04-08 11:19:23] [INFO] [VIDEO/VIDEO_PROGRESS] 视频播放状态已更新。 | current=243.7s, duration=617.0s, paused=False, ended=False
[2026-04-08 11:19:24] [INFO] [VIDEO/VIDEO_PROGRESS] 视频播放状态已更新。 | current=245.7s, duration=617.0s, paused=False, ended=False
[2026-04-08 11:19:25] [INFO] [VIDEO/VIDEO_PROGRESS] 视频播放状态已更新。 | current=247.7s, duration=617.0s, paused=False, ended=False
[2026-04-08 11:19:26] [INFO] [VIDEO/VIDEO_PROGRESS] 视频播放状态已更新。 | current=249.8s, duration=617.0s, paused=False, ended=False
[2026-04-08 11:19:27] [INFO] [VIDEO/VIDEO_PROGRESS] 视频播放状态已更新。 | current=251.8s, duration=617.0s, paused=False, ended=False
[2026-04-08 11:19:28] [INFO] [VIDEO/VIDEO_PROGRESS] 视频播放状态已更新。 | current=253.8s, duration=617.0s, paused=False, ended=False
[2026-04-08 11:19:29] [INFO] [VIDEO/VIDEO_PROGRESS] 视频播放状态已更新。 | current=255.9s, duration=617.0s, paused=False, ended=False
[2026-04-08 11:19:30] [INFO] [VIDEO/VIDEO_PROGRESS] 视频播放状态已更新。 | current=257.9s, duration=617.0s, paused=False, ended=False
[2026-04-08 11:19:31] [INFO] [VIDEO/VIDEO_PROGRESS] 视频播放状态已更新。 | current=259.9s, duration=617.0s, paused=False, ended=False
[2026-04-08 11:19:32] [INFO] [VIDEO/VIDEO_PROGRESS] 视频播放状态已更新。 | current=262.0s, duration=617.0s, paused=False, ended=False
[2026-04-08 11:19:33] [INFO] [VIDEO/VIDEO_PROGRESS] 视频播放状态已更新。 | current=264.0s, duration=617.0s, paused=False, ended=False
[2026-04-08 11:19:34] [INFO] [VIDEO/VIDEO_PROGRESS] 视频播放状态已更新。 | current=266.1s, duration=617.0s, paused=False, ended=False
[2026-04-08 11:19:35] [INFO] [VIDEO/VIDEO_PROGRESS] 视频播放状态已更新。 | current=268.1s, duration=617.0s, paused=False, ended=False
[2026-04-08 11:19:36] [INFO] [VIDEO/VIDEO_PROGRESS] 视频播放状态已更新。 | current=270.1s, duration=617.0s, paused=False, ended=False
[2026-04-08 11:19:37] [INFO] [VIDEO/VIDEO_PROGRESS] 视频播放状态已更新。 | current=272.2s, duration=617.0s, paused=False, ended=False
[2026-04-08 11:19:38] [INFO] [VIDEO/VIDEO_PROGRESS] 视频播放状态已更新。 | current=274.2s, duration=617.0s, paused=False, ended=False
[2026-04-08 11:19:39] [INFO] [VIDEO/VIDEO_PROGRESS] 视频播放状态已更新。 | current=276.3s, duration=617.0s, paused=False, ended=False
[2026-04-08 11:19:40] [INFO] [VIDEO/VIDEO_PROGRESS] 视频播放状态已更新。 | current=278.3s, duration=617.0s, paused=False, ended=False
[2026-04-08 11:19:41] [INFO] [VIDEO/VIDEO_PROGRESS] 视频播放状态已更新。 | current=280.3s, duration=617.0s, paused=False, ended=False
[2026-04-08 11:19:42] [INFO] [VIDEO/VIDEO_PROGRESS] 视频播放状态已更新。 | current=282.3s, duration=617.0s, paused=False, ended=False
[2026-04-08 11:19:43] [INFO] [VIDEO/VIDEO_PROGRESS] 视频播放状态已更新。 | current=284.4s, duration=617.0s, paused=False, ended=False
[2026-04-08 11:19:44] [INFO] [VIDEO/VIDEO_PROGRESS] 视频播放状态已更新。 | current=286.4s, duration=617.0s, paused=False, ended=False
[2026-04-08 11:19:45] [INFO] [VIDEO/VIDEO_PROGRESS] 视频播放状态已更新。 | current=288.5s, duration=617.0s, paused=False, ended=False
[2026-04-08 11:19:46] [INFO] [VIDEO/VIDEO_PROGRESS] 视频播放状态已更新。 | current=290.5s, duration=617.0s, paused=False, ended=False
[2026-04-08 11:19:47] [INFO] [VIDEO/VIDEO_PROGRESS] 视频播放状态已更新。 | current=292.5s, duration=617.0s, paused=False, ended=False
[2026-04-08 11:19:48] [INFO] [VIDEO/VIDEO_PROGRESS] 视频播放状态已更新。 | current=294.5s, duration=617.0s, paused=False, ended=False
[2026-04-08 11:19:49] [INFO] [VIDEO/VIDEO_PROGRESS] 视频播放状态已更新。 | current=296.6s, duration=617.0s, paused=False, ended=False
[2026-04-08 11:19:50] [INFO] [VIDEO/VIDEO_PROGRESS] 视频播放状态已更新。 | current=298.6s, duration=617.0s, paused=False, ended=False
[2026-04-08 11:19:52] [INFO] [VIDEO/VIDEO_PROGRESS] 视频播放状态已更新。 | current=300.7s, duration=617.0s, paused=False, ended=False
[2026-04-08 11:19:53] [INFO] [VIDEO/VIDEO_PROGRESS] 视频播放状态已更新。 | current=302.7s, duration=617.0s, paused=False, ended=False
[2026-04-08 11:19:54] [INFO] [VIDEO/VIDEO_PROGRESS] 视频播放状态已更新。 | current=304.7s, duration=617.0s, paused=False, ended=False
[2026-04-08 11:19:55] [INFO] [VIDEO/VIDEO_PROGRESS] 视频播放状态已更新。 | current=306.7s, duration=617.0s, paused=False, ended=False
[2026-04-08 11:19:56] [INFO] [VIDEO/VIDEO_PROGRESS] 视频播放状态已更新。 | current=308.8s, duration=617.0s, paused=False, ended=False
[2026-04-08 11:19:57] [INFO] [VIDEO/VIDEO_PROGRESS] 视频播放状态已更新。 | current=310.8s, duration=617.0s, paused=False, ended=False
[2026-04-08 11:19:58] [INFO] [VIDEO/VIDEO_PROGRESS] 视频播放状态已更新。 | current=312.8s, duration=617.0s, paused=False, ended=False
[2026-04-08 11:19:59] [INFO] [VIDEO/VIDEO_PROGRESS] 视频播放状态已更新。 | current=314.9s, duration=617.0s, paused=False, ended=False
[2026-04-08 11:20:00] [INFO] [VIDEO/VIDEO_PROGRESS] 视频播放状态已更新。 | current=316.9s, duration=617.0s, paused=False, ended=False
[2026-04-08 11:20:01] [INFO] [VIDEO/VIDEO_PROGRESS] 视频播放状态已更新。 | current=318.9s, duration=617.0s, paused=False, ended=False
[2026-04-08 11:20:02] [INFO] [VIDEO/VIDEO_PROGRESS] 视频播放状态已更新。 | current=321.0s, duration=617.0s, paused=False, ended=False
[2026-04-08 11:20:03] [INFO] [VIDEO/VIDEO_PROGRESS] 视频播放状态已更新。 | current=323.0s, duration=617.0s, paused=False, ended=False
[2026-04-08 11:20:04] [INFO] [VIDEO/VIDEO_PROGRESS] 视频播放状态已更新。 | current=325.0s, duration=617.0s, paused=False, ended=False
[2026-04-08 11:20:05] [INFO] [VIDEO/VIDEO_PROGRESS] 视频播放状态已更新。 | current=327.1s, duration=617.0s, paused=False, ended=False
[2026-04-08 11:20:06] [INFO] [VIDEO/VIDEO_PROGRESS] 视频播放状态已更新。 | current=329.1s, duration=617.0s, paused=False, ended=False
[2026-04-08 11:20:07] [INFO] [VIDEO/VIDEO_PROGRESS] 视频播放状态已更新。 | current=331.1s, duration=617.0s, paused=False, ended=False
[2026-04-08 11:20:08] [INFO] [VIDEO/VIDEO_PROGRESS] 视频播放状态已更新。 | current=333.2s, duration=617.0s, paused=False, ended=False
[2026-04-08 11:20:09] [INFO] [VIDEO/VIDEO_PROGRESS] 视频播放状态已更新。 | current=335.2s, duration=617.0s, paused=False, ended=False
[2026-04-08 11:20:10] [INFO] [VIDEO/VIDEO_PROGRESS] 视频播放状态已更新。 | current=337.3s, duration=617.0s, paused=False, ended=False
[2026-04-08 11:20:11] [INFO] [VIDEO/VIDEO_PROGRESS] 视频播放状态已更新。 | current=339.3s, duration=617.0s, paused=False, ended=False
[2026-04-08 11:20:12] [INFO] [VIDEO/VIDEO_PROGRESS] 视频播放状态已更新。 | current=341.3s, duration=617.0s, paused=False, ended=False
[2026-04-08 11:20:13] [INFO] [VIDEO/VIDEO_PROGRESS] 视频播放状态已更新。 | current=343.4s, duration=617.0s, paused=False, ended=False
[2026-04-08 11:20:14] [INFO] [VIDEO/VIDEO_PROGRESS] 视频播放状态已更新。 | current=345.4s, duration=617.0s, paused=False, ended=False
[2026-04-08 11:20:15] [INFO] [VIDEO/VIDEO_PROGRESS] 视频播放状态已更新。 | current=347.4s, duration=617.0s, paused=False, ended=False
[2026-04-08 11:20:16] [INFO] [VIDEO/VIDEO_PROGRESS] 视频播放状态已更新。 | current=349.5s, duration=617.0s, paused=False, ended=False
[2026-04-08 11:20:17] [INFO] [VIDEO/VIDEO_PROGRESS] 视频播放状态已更新。 | current=351.5s, duration=617.0s, paused=False, ended=False
[2026-04-08 11:20:18] [INFO] [VIDEO/VIDEO_PROGRESS] 视频播放状态已更新。 | current=597.8s, duration=617.0s, paused=False, ended=False
[2026-04-08 11:20:19] [INFO] [VIDEO/VIDEO_PROGRESS] 视频播放状态已更新。 | current=599.8s, duration=617.0s, paused=False, ended=False
[2026-04-08 11:20:20] [INFO] [VIDEO/VIDEO_PROGRESS] 视频播放状态已更新。 | current=601.9s, duration=617.0s, paused=False, ended=False
[2026-04-08 11:20:21] [INFO] [VIDEO/VIDEO_PROGRESS] 视频播放状态已更新。 | current=603.9s, duration=617.0s, paused=False, ended=False
[2026-04-08 11:20:22] [INFO] [VIDEO/VIDEO_PROGRESS] 视频播放状态已更新。 | current=605.9s, duration=617.0s, paused=False, ended=False
[2026-04-08 11:20:23] [INFO] [VIDEO/VIDEO_PROGRESS] 视频播放状态已更新。 | current=608.0s, duration=617.0s, paused=False, ended=False
[2026-04-08 11:20:24] [INFO] [VIDEO/VIDEO_PROGRESS] 视频播放状态已更新。 | current=610.0s, duration=617.0s, paused=False, ended=False
[2026-04-08 11:20:25] [INFO] [VIDEO/VIDEO_PROGRESS] 视频播放状态已更新。 | current=612.1s, duration=617.0s, paused=False, ended=False
[2026-04-08 11:20:26] [INFO] [VIDEO/VIDEO_PROGRESS] 视频播放状态已更新。 | current=614.1s, duration=617.0s, paused=False, ended=False
[2026-04-08 11:20:27] [INFO] [VIDEO/VIDEO_PROGRESS] 视频播放状态已更新。 | current=616.1s, duration=617.0s, paused=False, ended=False
[2026-04-08 11:20:28] [INFO] [VIDEO/VIDEO_PROGRESS] 视频播放状态已更新。 | current=0.9s, duration=617.0s, paused=False, ended=False
[2026-04-08 11:20:28] [SUCCESS] [VIDEO/VIDEO_LOOP_COMPLETED] 检测到视频已完整播放一轮并重新回到开头。 | previous_ratio=99.86%, current_ratio=0.15%, previous_time=616.1s, current_time=0.9s, 保活脚本状态: stopped-with-video | 1 秒后会尝试点击“下一单元”。
[2026-04-08 11:20:29] [INFO] [VIDEO/VIDEO_PROGRESS] 视频播放状态已更新。 | current=3.0s, duration=617.0s, paused=False, ended=False
[2026-04-08 11:20:29] [SUCCESS] [NAVIGATION/NEXT_CLICKED] 已点击“下一单元”。 | 文本命中: 下一单元 | 策略: locator:span:has-text('下一单元') | 候选按钮: 6 | best=SPAN text='下一单元' class='btn-next ml20 pointer' visible=False disabled=False rect=(1857,25,72,0)
[2026-04-08 11:20:33] [WARNING] [NAVIGATION/NEXT_CLICK_NO_NAVIGATION] 点击“下一单元”后页面没有发生切换。 | 这通常表示平台尚未认定当前内容已完成，或按钮虽然可见但还未真正放行。 | 触发策略: locator:span:has-text('下一单元') | 候选按钮: 6 | best=SPAN text='下一单元' class='btn-next ml20 pointer' visible=False disabled=False rect=(1857,25,72,0) | 候选按钮: 6 | best=SPAN text='下一单元' class='btn-next ml20 pointer' visible=False disabled=False rect=(1857,25,72,0) | 先观察页面是否真正播放完成，必要时手动确认是否有额外校验或弹窗。
[2026-04-08 11:20:33] [SUCCESS] [VIDEO/KEEPALIVE_INJECTED] 已向视频页注入保活脚本。 | 注入结果: started
[2026-04-08 11:20:33] [INFO] [VIDEO/VIDEO_PROGRESS] 视频播放状态已更新。 | current=11.3s, duration=617.0s, paused=False, ended=False
[2026-04-08 11:20:34] [INFO] [VIDEO/VIDEO_PROGRESS] 视频播放状态已更新。 | current=13.3s, duration=617.0s, paused=False, ended=False
[2026-04-08 11:20:35] [INFO] [VIDEO/VIDEO_PROGRESS] 视频播放状态已更新。 | current=15.4s, duration=617.0s, paused=False, ended=False
[2026-04-08 11:20:36] [INFO] [VIDEO/VIDEO_PROGRESS] 视频播放状态已更新。 | current=17.4s, duration=617.0s, paused=False, ended=False
[2026-04-08 11:20:37] [INFO] [VIDEO/VIDEO_PROGRESS] 视频播放状态已更新。 | current=19.5s, duration=617.0s, paused=False, ended=False
[2026-04-08 11:20:38] [INFO] [VIDEO/VIDEO_PROGRESS] 视频播放状态已更新。 | current=21.5s, duration=617.0s, paused=False, ended=False
[2026-04-08 11:20:39] [INFO] [VIDEO/VIDEO_PROGRESS] 视频播放状态已更新。 | current=23.5s, duration=617.0s, paused=False, ended=False
[2026-04-08 11:20:40] [INFO] [VIDEO/VIDEO_PROGRESS] 视频播放状态已更新。 | current=25.6s, duration=617.0s, paused=False, ended=False
[2026-04-08 11:20:41] [INFO] [VIDEO/VIDEO_PROGRESS] 视频播放状态已更新。 | current=27.6s, duration=617.0s, paused=False, ended=False
[2026-04-08 11:20:42] [INFO] [VIDEO/VIDEO_PROGRESS] 视频播放状态已更新。 | current=29.6s, duration=617.0s, paused=False, ended=False
[2026-04-08 11:20:44] [INFO] [VIDEO/VIDEO_PROGRESS] 视频播放状态已更新。 | current=31.6s, duration=617.0s, paused=False, ended=False
[2026-04-08 11:20:45] [INFO] [VIDEO/VIDEO_PROGRESS] 视频播放状态已更新。 | current=33.7s, duration=617.0s, paused=False, ended=False
[2026-04-08 11:20:46] [INFO] [VIDEO/VIDEO_PROGRESS] 视频播放状态已更新。 | current=35.7s, duration=617.0s, paused=False, ended=False
[2026-04-08 11:20:47] [INFO] [VIDEO/VIDEO_PROGRESS] 视频播放状态已更新。 | current=37.7s, duration=617.0s, paused=False, ended=False
[2026-04-08 11:20:48] [INFO] [VIDEO/VIDEO_PROGRESS] 视频播放状态已更新。 | current=39.8s, duration=617.0s, paused=False, ended=False
[2026-04-08 11:20:49] [INFO] [VIDEO/VIDEO_PROGRESS] 视频播放状态已更新。 | current=41.8s, duration=617.0s, paused=False, ended=False
[2026-04-08 11:20:50] [INFO] [VIDEO/VIDEO_PROGRESS] 视频播放状态已更新。 | current=43.9s, duration=617.0s, paused=False, ended=False
[2026-04-08 11:20:51] [INFO] [VIDEO/VIDEO_PROGRESS] 视频播放状态已更新。 | current=45.9s, duration=617.0s, paused=False, ended=False
[2026-04-08 11:20:52] [INFO] [VIDEO/VIDEO_PROGRESS] 视频播放状态已更新。 | current=47.9s, duration=617.0s, paused=False, ended=False
[2026-04-08 11:20:53] [INFO] [VIDEO/VIDEO_PROGRESS] 视频播放状态已更新。 | current=50.0s, duration=617.0s, paused=False, ended=False
[2026-04-08 11:20:54] [INFO] [VIDEO/VIDEO_PROGRESS] 视频播放状态已更新。 | current=52.0s, duration=617.0s, paused=False, ended=False
[2026-04-08 11:20:55] [INFO] [VIDEO/VIDEO_PROGRESS] 视频播放状态已更新。 | current=54.0s, duration=617.0s, paused=False, ended=False
[2026-04-08 11:20:56] [INFO] [VIDEO/VIDEO_PROGRESS] 视频播放状态已更新。 | current=56.1s, duration=617.0s, paused=False, ended=False
[2026-04-08 11:20:57] [INFO] [VIDEO/VIDEO_PROGRESS] 视频播放状态已更新。 | current=58.1s, duration=617.0s, paused=False, ended=False
[2026-04-08 11:20:58] [INFO] [VIDEO/VIDEO_PROGRESS] 视频播放状态已更新。 | current=60.1s, duration=617.0s, paused=False, ended=False
[2026-04-08 11:20:59] [INFO] [VIDEO/VIDEO_PROGRESS] 视频播放状态已更新。 | current=62.1s, duration=617.0s, paused=False, ended=False
[2026-04-08 11:21:00] [INFO] [VIDEO/VIDEO_PROGRESS] 视频播放状态已更新。 | current=64.2s, duration=617.0s, paused=False, ended=False
[2026-04-08 11:21:01] [INFO] [SYSTEM/STOP_REQUESTED] 收到停止请求，自动化已结束。
[2026-04-08 11:21:01] [INFO] [SYSTEM/SESSION_FINISHED] 自动化会话已结束。 | 日志目录: F:\YKT-Browser\logs\20260408-111613
